#
# There is insufficient memory for the Java Runtime Environment to continue.
# Native memory allocation (malloc) failed to allocate 56976 bytes for Chunk::new
# Possible reasons:
#   The system is out of physical RAM or swap space
#   In 32 bit mode, the process size limit was hit
# Possible solutions:
#   Reduce memory load on the system
#   Increase physical memory or swap space
#   Check if swap backing store is full
#   Use 64 bit Java on a 64 bit OS
#   Decrease Java heap size (-Xmx/-Xms)
#   Decrease number of Java threads
#   Decrease Java thread stack sizes (-Xss)
#   Set larger code cache with -XX:ReservedCodeCacheSize=
# This output file may be truncated or incomplete.
#
#  Out of Memory Error (allocation.cpp:323), pid=15332, tid=20792
#
# JRE version: Java(TM) SE Runtime Environment (7.0_79-b15) (build 1.7.0_79-b15)
# Java VM: Java HotSpot(TM) 64-Bit Server VM (24.79-b02 mixed mode windows-amd64 compressed oops)
# Failed to write core dump. Minidumps are not enabled by default on client versions of Windows
#

---------------  T H R E A D  ---------------

Current thread (0x00000000086a6800):  JavaThread "C2 CompilerThread1" daemon [_thread_in_native, id=20792, stack(0x0000000009d30000,0x0000000009e30000)]

Stack: [0x0000000009d30000,0x0000000009e30000]

Current CompileTask:
C2:   4067   59             com.android.dx.rop.code.RegisterSpecSet::mutableCopy (57 bytes)


---------------  P R O C E S S  ---------------

Java Threads: ( => current thread )
  0x000000000a13a800 JavaThread "pool-2-thread-1" [_thread_blocked, id=14164, stack(0x000000000a530000,0x000000000a630000)]
  0x000000000a122800 JavaThread "pool-1-thread-1" [_thread_in_Java, id=20848, stack(0x000000000a430000,0x000000000a530000)]
  0x00000000086b9800 JavaThread "Service Thread" daemon [_thread_blocked, id=9600, stack(0x0000000009e30000,0x0000000009f30000)]
=>0x00000000086a6800 JavaThread "C2 CompilerThread1" daemon [_thread_in_native, id=20792, stack(0x0000000009d30000,0x0000000009e30000)]
  0x00000000086a5000 JavaThread "C2 CompilerThread0" daemon [_thread_in_native, id=11668, stack(0x0000000009c30000,0x0000000009d30000)]
  0x00000000086a4000 JavaThread "Attach Listener" daemon [_thread_blocked, id=19976, stack(0x0000000009b30000,0x0000000009c30000)]
  0x00000000086a0800 JavaThread "Signal Dispatcher" daemon [_thread_blocked, id=13252, stack(0x0000000009a30000,0x0000000009b30000)]
  0x000000000866a800 JavaThread "Finalizer" daemon [_thread_blocked, id=19248, stack(0x0000000009930000,0x0000000009a30000)]
  0x0000000008667000 JavaThread "Reference Handler" daemon [_thread_blocked, id=3536, stack(0x0000000009830000,0x0000000009930000)]
  0x0000000000e0d800 JavaThread "main" [_thread_blocked, id=20224, stack(0x0000000002610000,0x0000000002710000)]

Other Threads:
  0x0000000008661000 VMThread [stack: 0x0000000009730000,0x0000000009830000] [id=16540]
  0x00000000086c3800 WatcherThread [stack: 0x0000000009f30000,0x000000000a030000] [id=4028]

VM state:not at safepoint (normal execution)

VM Mutex/Monitor currently owned by a thread: None

Heap
 PSYoungGen      total 18944K, used 11868K [0x00000000eaa80000, 0x00000000ebf80000, 0x0000000100000000)
  eden space 16384K, 72% used [0x00000000eaa80000,0x00000000eb617308,0x00000000eba80000)
  from space 2560K, 0% used [0x00000000ebd00000,0x00000000ebd00000,0x00000000ebf80000)
  to   space 2560K, 0% used [0x00000000eba80000,0x00000000eba80000,0x00000000ebd00000)
 ParOldGen       total 42496K, used 0K [0x00000000c0000000, 0x00000000c2980000, 0x00000000eaa80000)
  object space 42496K, 0% used [0x00000000c0000000,0x00000000c0000000,0x00000000c2980000)
 PSPermGen       total 21504K, used 5611K [0x00000000bae00000, 0x00000000bc300000, 0x00000000c0000000)
  object space 21504K, 26% used [0x00000000bae00000,0x00000000bb37af98,0x00000000bc300000)

Card table byte_map: [0x00000000058d0000,0x0000000005b00000] byte_map_base: 0x00000000052f9000

Polling page: 0x0000000000dd0000

Code Cache  [0x0000000002810000, 0x0000000002a80000, 0x0000000005810000)
 total_blobs=296 nmethods=59 adapters=189 free_code_cache=48676Kb largest_free_block=49825472

Compilation events (10 events):
Event: 4.028 Thread 0x00000000086a5000   55             com.android.dx.ssa.SsaMethod::deleteInsns (239 bytes)
Event: 4.035 Thread 0x00000000086a6800   56             com.android.dx.rop.code.Insn::getSources (5 bytes)
Event: 4.035 Thread 0x00000000086a6800 nmethod 56 0x0000000002885b90 code [0x0000000002885cc0, 0x0000000002885d18]
Event: 4.049 Thread 0x00000000086a6800   57             com.android.dx.util.MutabilityControl::setImmutable (6 bytes)
Event: 4.049 Thread 0x00000000086a6800 nmethod 57 0x0000000002885990 code [0x0000000002885ac0, 0x0000000002885b18]
Event: 4.052 Thread 0x00000000086a6800   58             com.android.dx.rop.code.RegisterSpec::getCategory (13 bytes)
Event: 4.053 Thread 0x00000000086a6800 nmethod 58 0x0000000002885690 code [0x00000000028857e0, 0x0000000002885898]
Event: 4.053 Thread 0x00000000086a6800   59             com.android.dx.rop.code.RegisterSpecSet::mutableCopy (57 bytes)
Event: 4.056 Thread 0x00000000086a5000 nmethod 55 0x0000000002889cd0 code [0x0000000002889f00, 0x000000000288a9b0]
Event: 4.060 Thread 0x00000000086a5000   60             com.android.dx.util.IntList::add (65 bytes)

GC Heap History (0 events):
No events

Deoptimization events (0 events):
No events

Internal exceptions (10 events):
Event: 3.096 Thread 0x000000000a122800 Threw 0x00000000eb31d0a0 at C:\re\jdk7u79\2331\hotspot\src\share\vm\prims\jvm.cpp:1304
Event: 3.097 Thread 0x000000000a122800 Threw 0x00000000eb321568 at C:\re\jdk7u79\2331\hotspot\src\share\vm\prims\jvm.cpp:1304
Event: 3.345 Thread 0x000000000a13b800 Threw 0x00000000eaeed9e0 at C:\re\jdk7u79\2331\hotspot\src\share\vm\prims\jvm.cpp:1304
Event: 3.347 Thread 0x000000000a13b800 Threw 0x00000000eaef6288 at C:\re\jdk7u79\2331\hotspot\src\share\vm\prims\jvm.cpp:1304
Event: 3.348 Thread 0x000000000a199800 Threw 0x00000000eb1b39d0 at C:\re\jdk7u79\2331\hotspot\src\share\vm\prims\jvm.cpp:1304
Event: 3.383 Thread 0x000000000a122800 Threw 0x00000000eb32fc80 at C:\re\jdk7u79\2331\hotspot\src\share\vm\prims\jvm.cpp:1304
Event: 3.384 Thread 0x000000000a122800 Threw 0x00000000eb3d9e40 at C:\re\jdk7u79\2331\hotspot\src\share\vm\prims\jvm.cpp:1304
Event: 3.385 Thread 0x000000000a122800 Threw 0x00000000eb3df420 at C:\re\jdk7u79\2331\hotspot\src\share\vm\prims\jvm.cpp:1304
Event: 3.486 Thread 0x000000000a122800 Threw 0x00000000eb41cbf0 at C:\re\jdk7u79\2331\hotspot\src\share\vm\prims\jvm.cpp:1304
Event: 3.873 Thread 0x000000000a122800 Threw 0x00000000eb4db940 at C:\re\jdk7u79\2331\hotspot\src\share\vm\prims\jvm.cpp:1304

Events (10 events):
Event: 3.486 loading class 0x000000000a1398b0
Event: 3.486 loading class 0x000000000a1398b0 done
Event: 3.530 loading class 0x00000000027880d0
Event: 3.530 loading class 0x00000000027880d0 done
Event: 3.530 loading class 0x00000000027880a0
Event: 3.530 loading class 0x00000000027880a0 done
Event: 3.867 loading class 0x000000000278e010
Event: 3.867 loading class 0x000000000278e010 done
Event: 3.872 loading class 0x000000000a13a1c0
Event: 3.872 loading class 0x000000000a13a1c0 done


Dynamic libraries:
0x00007ff7c0c70000 - 0x00007ff7c0ca3000 	C:\Program Files\Java\jdk1.7.0_79\bin\java.exe
0x00007ff9bd710000 - 0x00007ff9bd8d1000 	C:\WINDOWS\SYSTEM32\ntdll.dll
0x00007ff9bd070000 - 0x00007ff9bd11d000 	C:\WINDOWS\system32\KERNEL32.DLL
0x00007ff9b9fe0000 - 0x00007ff9ba1c8000 	C:\WINDOWS\system32\KERNELBASE.dll
0x00007ff9bd120000 - 0x00007ff9bd1c7000 	C:\WINDOWS\system32\ADVAPI32.dll
0x00007ff9bd670000 - 0x00007ff9bd70d000 	C:\WINDOWS\system32\msvcrt.dll
0x00007ff9bb960000 - 0x00007ff9bb9bb000 	C:\WINDOWS\system32\sechost.dll
0x00007ff9bd1d0000 - 0x00007ff9bd2ec000 	C:\WINDOWS\system32\RPCRT4.dll
0x00007ff9bb250000 - 0x00007ff9bb3a6000 	C:\WINDOWS\system32\USER32.dll
0x00007ff9bd4d0000 - 0x00007ff9bd656000 	C:\WINDOWS\system32\GDI32.dll
0x00007ff9b4c40000 - 0x00007ff9b4eb4000 	C:\WINDOWS\WinSxS\amd64_microsoft.windows.common-controls_6595b64144ccf1df_6.0.10586.589_none_a2ddb3caa539acce\COMCTL32.dll
0x00007ff9bb410000 - 0x00007ff9bb68d000 	C:\WINDOWS\system32\combase.dll
0x00007ff9ba820000 - 0x00007ff9ba88a000 	C:\WINDOWS\system32\bcryptPrimitives.dll
0x00007ff9bb160000 - 0x00007ff9bb19b000 	C:\WINDOWS\system32\IMM32.DLL
0x0000000069140000 - 0x0000000069212000 	C:\Program Files\Java\jdk1.7.0_79\jre\bin\msvcr100.dll
0x00000000685d0000 - 0x0000000068da5000 	C:\Program Files\Java\jdk1.7.0_79\jre\bin\server\jvm.dll
0x00007ff9bb690000 - 0x00007ff9bb698000 	C:\WINDOWS\system32\PSAPI.DLL
0x00007ff9b0d70000 - 0x00007ff9b0d79000 	C:\WINDOWS\SYSTEM32\WSOCK32.dll
0x00007ff9bacc0000 - 0x00007ff9bad2b000 	C:\WINDOWS\system32\WS2_32.dll
0x00007ff9b7da0000 - 0x00007ff9b7dc3000 	C:\WINDOWS\SYSTEM32\WINMM.dll
0x00007ff9b7d70000 - 0x00007ff9b7d9c000 	C:\WINDOWS\SYSTEM32\WINMMBASE.dll
0x00007ff9b9f90000 - 0x00007ff9b9fd3000 	C:\WINDOWS\system32\cfgmgr32.dll
0x0000000069820000 - 0x000000006982f000 	C:\Program Files\Java\jdk1.7.0_79\jre\bin\verify.dll
0x00000000685a0000 - 0x00000000685c8000 	C:\Program Files\Java\jdk1.7.0_79\jre\bin\java.dll
0x0000000068580000 - 0x0000000068595000 	C:\Program Files\Java\jdk1.7.0_79\jre\bin\zip.dll
0x0000000068560000 - 0x000000006857a000 	C:\Program Files\Java\jdk1.7.0_79\jre\bin\net.dll
0x00007ff9b9600000 - 0x00007ff9b965c000 	C:\WINDOWS\system32\mswsock.dll
0x0000000068540000 - 0x0000000068551000 	C:\Program Files\Java\jdk1.7.0_79\jre\bin\nio.dll

VM Arguments:
jvm_args: -Djava.awt.headless=true -Xmx1024M -Dfile.encoding=windows-1252 -Duser.country=GB -Duser.language=en -Duser.variant 
java_command: com.android.dx.command.Main --dex --num-threads=4 --output C:\Users\Thomas\AndroidStudioProjects\OpenCVTest\app\build\intermediates\pre-dexed\debug\com.android.support-animated-vector-drawable-24.1.1_342d3a812bd1c303f3354b42f178ebd2c77fee29.jar C:\Users\Thomas\AndroidStudioProjects\OpenCVTest\app\build\intermediates\exploded-aar\com.android.support\animated-vector-drawable\24.1.1\jars\classes.jar
Launcher Type: SUN_STANDARD

Environment Variables:
PATH=C:\Program Files (x86)\Intel\iCLS Client\;C:\Program Files\Intel\iCLS Client\;C:\Windows\system32;C:\Windows;C:\Windows\System32\Wbem;C:\Windows\System32\WindowsPowerShell\v1.0\;C:\Program Files (x86)\Intel\OpenCL SDK\2.0\bin\x86;C:\Program Files (x86)\Intel\OpenCL SDK\2.0\bin\x64;C:\Program Files\Intel\Intel(R) Management Engine Components\DAL;C:\Program Files\Intel\Intel(R) Management Engine Components\IPT;C:\Program Files (x86)\Intel\Intel(R) Management Engine Components\DAL;C:\Program Files (x86)\Intel\Intel(R) Management Engine Components\IPT;C:\Program Files (x86)\Windows Live\Shared;C:\Users\Thomas\AppData\Local\Smartbar\Application\;C:\WINDOWS\system32;C:\WINDOWS;C:\WINDOWS\System32\Wbem;C:\WINDOWS\System32\WindowsPowerShell\v1.0\;D:\Programs\bin;C:\Program Files\Microsoft SQL Server\110\Tools\Binn\;C:\Program Files\Microsoft SQL Server\120\Tools\Binn\;C:\WINDOWS\system32\config\systemprofile\.dnx\bin;C:\Program Files\Microsoft DNX\Dnvm\;C:\Program Files (x86)\Skype\Phone\;C:\Program Files\MiKTeX 2.9\miktex\bin\;C:\Program Files\MiKTeX 2.9\gs\gs8.71\bin\;C:\Program Files\Git\cmd;C:\Program Files
USERNAME=Thomas
OS=Windows_NT
PROCESSOR_IDENTIFIER=Intel64 Family 6 Model 42 Stepping 7, GenuineIntel



---------------  S Y S T E M  ---------------

OS: Windows 8.1 , 64 bit Build 9600 

CPU:total 4 (2 cores per cpu, 2 threads per core) family 6 model 42 stepping 7, cmov, cx8, fxsr, mmx, sse, sse2, sse3, ssse3, sse4.1, sse4.2, popcnt, avx, ht, tsc, tscinvbit

Memory: 4k page, physical 4075172k(371508k free), swap 6565540k(5168k free)

vm_info: Java HotSpot(TM) 64-Bit Server VM (24.79-b02) for windows-amd64 JRE (1.7.0_79-b15), built on Apr 10 2015 12:36:16 by "java_re" with unknown MS VC++:1600

time: Mon Oct 10 16:31:39 2016
elapsed time: 4 seconds

