#
# There is insufficient memory for the Java Runtime Environment to continue.
# Native memory allocation (malloc) failed to allocate 185936 bytes for Chunk::new
# Possible reasons:
#   The system is out of physical RAM or swap space
#   In 32 bit mode, the process size limit was hit
# Possible solutions:
#   Reduce memory load on the system
#   Increase physical memory or swap space
#   Check if swap backing store is full
#   Use 64 bit Java on a 64 bit OS
#   Decrease Java heap size (-Xmx/-Xms)
#   Decrease number of Java threads
#   Decrease Java thread stack sizes (-Xss)
#   Set larger code cache with -XX:ReservedCodeCacheSize=
# This output file may be truncated or incomplete.
#
#  Out of Memory Error (allocation.cpp:323), pid=16184, tid=9988
#
# JRE version: Java(TM) SE Runtime Environment (7.0_79-b15) (build 1.7.0_79-b15)
# Java VM: Java HotSpot(TM) 64-Bit Server VM (24.79-b02 mixed mode windows-amd64 compressed oops)
# Failed to write core dump. Minidumps are not enabled by default on client versions of Windows
#

---------------  T H R E A D  ---------------

Current thread (0x00000000088dd000):  JavaThread "C2 CompilerThread0" daemon [_thread_in_native, id=9988, stack(0x0000000009e40000,0x0000000009f40000)]

Stack: [0x0000000009e40000,0x0000000009f40000]

Current CompileTask:
C2:   1481  183             com.android.dx.ssa.SCCP::addUsersToWorklist (103 bytes)


---------------  P R O C E S S  ---------------

Java Threads: ( => current thread )
  0x000000000a3ff800 JavaThread "pool-1-thread-4" [_thread_blocked, id=10968, stack(0x000000000aa40000,0x000000000ab40000)]
  0x000000000a3fb000 JavaThread "pool-1-thread-3" [_thread_blocked, id=16592, stack(0x000000000a940000,0x000000000aa40000)]
  0x000000000a3c5000 JavaThread "pool-1-thread-2" [_thread_blocked, id=7604, stack(0x000000000a840000,0x000000000a940000)]
  0x000000000a3f8000 JavaThread "pool-2-thread-1" [_thread_blocked, id=8120, stack(0x000000000a740000,0x000000000a840000)]
  0x000000000a421000 JavaThread "pool-1-thread-1" [_thread_blocked, id=13088, stack(0x000000000a640000,0x000000000a740000)]
  0x00000000088e1800 JavaThread "Service Thread" daemon [_thread_blocked, id=408, stack(0x000000000a040000,0x000000000a140000)]
  0x00000000088de800 JavaThread "C2 CompilerThread1" daemon [_thread_in_native, id=18448, stack(0x0000000009f40000,0x000000000a040000)]
=>0x00000000088dd000 JavaThread "C2 CompilerThread0" daemon [_thread_in_native, id=9988, stack(0x0000000009e40000,0x0000000009f40000)]
  0x00000000088dc000 JavaThread "Attach Listener" daemon [_thread_blocked, id=12300, stack(0x0000000009d40000,0x0000000009e40000)]
  0x00000000088d8800 JavaThread "Signal Dispatcher" daemon [_thread_blocked, id=14932, stack(0x0000000009c40000,0x0000000009d40000)]
  0x00000000088a0000 JavaThread "Finalizer" daemon [_thread_blocked, id=19960, stack(0x0000000009b40000,0x0000000009c40000)]
  0x0000000008897000 JavaThread "Reference Handler" daemon [_thread_blocked, id=20344, stack(0x0000000009a40000,0x0000000009b40000)]
  0x0000000000b5d800 JavaThread "main" [_thread_in_Java, id=15432, stack(0x0000000002790000,0x0000000002890000)]

Other Threads:
  0x0000000008891000 VMThread [stack: 0x0000000009940000,0x0000000009a40000] [id=15152]
  0x00000000088f0000 WatcherThread [stack: 0x000000000a140000,0x000000000a240000] [id=20896]

VM state:not at safepoint (normal execution)

VM Mutex/Monitor currently owned by a thread: None

Heap
 PSYoungGen      total 18944K, used 9193K [0x00000000eaa80000, 0x00000000ecf80000, 0x0000000100000000)
  eden space 16384K, 40% used [0x00000000eaa80000,0x00000000eb100af8,0x00000000eba80000)
  from space 2560K, 99% used [0x00000000eba80000,0x00000000ebcf9c68,0x00000000ebd00000)
  to   space 2560K, 0% used [0x00000000ecd00000,0x00000000ecd00000,0x00000000ecf80000)
 ParOldGen       total 42496K, used 1769K [0x00000000c0000000, 0x00000000c2980000, 0x00000000eaa80000)
  object space 42496K, 4% used [0x00000000c0000000,0x00000000c01ba5c8,0x00000000c2980000)
 PSPermGen       total 21504K, used 5694K [0x00000000bae00000, 0x00000000bc300000, 0x00000000c0000000)
  object space 21504K, 26% used [0x00000000bae00000,0x00000000bb38f8f8,0x00000000bc300000)

Card table byte_map: [0x0000000005b00000,0x0000000005d30000] byte_map_base: 0x0000000005529000

Polling page: 0x0000000000b40000

Code Cache  [0x0000000002a40000, 0x0000000002cb0000, 0x0000000005a40000)
 total_blobs=418 nmethods=181 adapters=189 free_code_cache=48386Kb largest_free_block=49512896

Compilation events (10 events):
Event: 1.356 Thread 0x00000000088de800 nmethod 178 0x0000000002afef50 code [0x0000000002aff080, 0x0000000002aff178]
Event: 1.356 Thread 0x00000000088de800  179             com.android.dx.ssa.Dominators::run (506 bytes)
Event: 1.415 Thread 0x00000000088dd000 nmethod 174 0x0000000002afec50 code [0x0000000002afed80, 0x0000000002afee98]
Event: 1.415 Thread 0x00000000088dd000  180             com.android.dx.util.BitIntSet$1::hasNext (13 bytes)
Event: 1.415 Thread 0x00000000088dd000 nmethod 180 0x0000000002afea50 code [0x0000000002afeb80, 0x0000000002afebd8]
Event: 1.415 Thread 0x00000000088dd000  181   !         com.android.dx.util.IntList::set (53 bytes)
Event: 1.416 Thread 0x00000000088dd000 nmethod 181 0x0000000002afe710 code [0x0000000002afe860, 0x0000000002afe938]
Event: 1.416 Thread 0x00000000088dd000  182             com.android.dx.rop.code.BasicBlockList::labelToBlock (46 bytes)
Event: 1.419 Thread 0x00000000088dd000 nmethod 182 0x0000000002afe150 code [0x0000000002afe2a0, 0x0000000002afe3d8]
Event: 1.419 Thread 0x00000000088dd000  183             com.android.dx.ssa.SCCP::addUsersToWorklist (103 bytes)

GC Heap History (2 events):
Event: 0.896 GC heap before
{Heap before GC invocations=1 (full 0):
 PSYoungGen      total 18944K, used 16384K [0x00000000eaa80000, 0x00000000ebf80000, 0x0000000100000000)
  eden space 16384K, 100% used [0x00000000eaa80000,0x00000000eba80000,0x00000000eba80000)
  from space 2560K, 0% used [0x00000000ebd00000,0x00000000ebd00000,0x00000000ebf80000)
  to   space 2560K, 0% used [0x00000000eba80000,0x00000000eba80000,0x00000000ebd00000)
 ParOldGen       total 42496K, used 0K [0x00000000c0000000, 0x00000000c2980000, 0x00000000eaa80000)
  object space 42496K, 0% used [0x00000000c0000000,0x00000000c0000000,0x00000000c2980000)
 PSPermGen       total 21504K, used 5640K [0x00000000bae00000, 0x00000000bc300000, 0x00000000c0000000)
  object space 21504K, 26% used [0x00000000bae00000,0x00000000bb382270,0x00000000bc300000)
Event: 0.926 GC heap after
Heap after GC invocations=1 (full 0):
 PSYoungGen      total 18944K, used 2535K [0x00000000eaa80000, 0x00000000ecf80000, 0x0000000100000000)
  eden space 16384K, 0% used [0x00000000eaa80000,0x00000000eaa80000,0x00000000eba80000)
  from space 2560K, 99% used [0x00000000eba80000,0x00000000ebcf9c68,0x00000000ebd00000)
  to   space 2560K, 0% used [0x00000000ecd00000,0x00000000ecd00000,0x00000000ecf80000)
 ParOldGen       total 42496K, used 1769K [0x00000000c0000000, 0x00000000c2980000, 0x00000000eaa80000)
  object space 42496K, 4% used [0x00000000c0000000,0x00000000c01ba5c8,0x00000000c2980000)
 PSPermGen       total 21504K, used 5640K [0x00000000bae00000, 0x00000000bc300000, 0x00000000c0000000)
  object space 21504K, 26% used [0x00000000bae00000,0x00000000bb382270,0x00000000bc300000)
}

Deoptimization events (7 events):
Event: 0.749 Thread 0x000000000a3ff800 Uncommon trap: reason=null_check action=make_not_entrant pc=0x0000000002abdcec method=com.android.dx.rop.code.LocalItem.equals(Ljava/lang/Object;)Z @ 1
Event: 0.767 Thread 0x0000000000b5d800 Uncommon trap: reason=class_check action=maybe_recompile pc=0x0000000002abcb34 method=com.android.dx.ssa.NormalSsaInsn.accept(Lcom/android/dx/ssa/SsaInsn$Visitor;)V @ 9
Event: 0.767 Thread 0x0000000000b5d800 Uncommon trap: reason=class_check action=maybe_recompile pc=0x0000000002abcb34 method=com.android.dx.ssa.NormalSsaInsn.accept(Lcom/android/dx/ssa/SsaInsn$Visitor;)V @ 9
Event: 0.769 Thread 0x0000000000b5d800 Uncommon trap: reason=class_check action=maybe_recompile pc=0x0000000002abcb34 method=com.android.dx.ssa.NormalSsaInsn.accept(Lcom/android/dx/ssa/SsaInsn$Visitor;)V @ 9
Event: 0.787 Thread 0x0000000000b5d800 Uncommon trap: reason=class_check action=maybe_recompile pc=0x0000000002abcb34 method=com.android.dx.ssa.NormalSsaInsn.accept(Lcom/android/dx/ssa/SsaInsn$Visitor;)V @ 9
Event: 0.935 Thread 0x000000000a421000 Uncommon trap: reason=predicate action=maybe_recompile pc=0x0000000002ac9754 method=java.util.ArrayList.remove(Ljava/lang/Object;)Z @ 49
Event: 1.174 Thread 0x0000000000b5d800 Uncommon trap: reason=null_check action=make_not_entrant pc=0x0000000002ae4574 method=com.android.dx.rop.code.RegisterSpec.equals(Ljava/lang/Object;)Z @ 1

Internal exceptions (10 events):
Event: 0.549 Thread 0x000000000a3ff800 Threw 0x00000000eb11c700 at C:\re\jdk7u79\2331\hotspot\src\share\vm\prims\jvm.cpp:1304
Event: 0.550 Thread 0x000000000a3ff800 Threw 0x00000000eb121a00 at C:\re\jdk7u79\2331\hotspot\src\share\vm\prims\jvm.cpp:1304
Event: 0.570 Thread 0x000000000a421000 Threw 0x00000000eb3dfc98 at C:\re\jdk7u79\2331\hotspot\src\share\vm\prims\jvm.cpp:1304
Event: 0.577 Thread 0x0000000000b5d800 Threw 0x00000000eb4b0620 at C:\re\jdk7u79\2331\hotspot\src\share\vm\prims\jvm.cpp:1304
Event: 0.579 Thread 0x0000000000b5d800 Threw 0x00000000eb4ba480 at C:\re\jdk7u79\2331\hotspot\src\share\vm\prims\jvm.cpp:1304
Event: 0.580 Thread 0x0000000000b5d800 Threw 0x00000000eb4bc7c8 at C:\re\jdk7u79\2331\hotspot\src\share\vm\prims\jvm.cpp:1304
Event: 0.749 Thread 0x000000000a3ff800 Implicit null exception at 0x0000000002abd995 to 0x0000000002abdcd9
Event: 0.837 Thread 0x000000000a3c5000 Threw 0x00000000eb865f50 at C:\re\jdk7u79\2331\hotspot\src\share\vm\prims\jvm.cpp:1304
Event: 0.850 Thread 0x000000000a3ff800 Threw 0x00000000eb8bf380 at C:\re\jdk7u79\2331\hotspot\src\share\vm\prims\jvm.cpp:1304
Event: 1.174 Thread 0x0000000000b5d800 Implicit null exception at 0x0000000002ae32c2 to 0x0000000002ae4559

Events (10 events):
Event: 0.850 loading class 0x000000000a41e800
Event: 0.850 loading class 0x000000000a41e800 done
Event: 0.891 Executing VM operation: ParallelGCFailedAllocation
Event: 0.927 Executing VM operation: ParallelGCFailedAllocation done
Event: 0.935 Thread 0x000000000a421000 Uncommon trap: trap_request=0xffffff86 fr.pc=0x0000000002ac9754
Event: 0.935 Thread 0x000000000a421000 DEOPT PACKING pc=0x0000000002ac9754 sp=0x000000000a73ea70
Event: 0.935 Thread 0x000000000a421000 DEOPT UNPACKING pc=0x0000000002a775a4 sp=0x000000000a73ea38 mode 2
Event: 1.174 Thread 0x0000000000b5d800 Uncommon trap: trap_request=0xfffffff4 fr.pc=0x0000000002ae4574
Event: 1.174 Thread 0x0000000000b5d800 DEOPT PACKING pc=0x0000000002ae4574 sp=0x000000000288e3f0
Event: 1.174 Thread 0x0000000000b5d800 DEOPT UNPACKING pc=0x0000000002a775a4 sp=0x000000000288e328 mode 2


Dynamic libraries:
0x00007ff7c0c70000 - 0x00007ff7c0ca3000 	C:\Program Files\Java\jdk1.7.0_79\bin\java.exe
0x00007ff9bd710000 - 0x00007ff9bd8d1000 	C:\WINDOWS\SYSTEM32\ntdll.dll
0x00007ff9bd070000 - 0x00007ff9bd11d000 	C:\WINDOWS\system32\KERNEL32.DLL
0x00007ff9b9fe0000 - 0x00007ff9ba1c8000 	C:\WINDOWS\system32\KERNELBASE.dll
0x00007ff9bd120000 - 0x00007ff9bd1c7000 	C:\WINDOWS\system32\ADVAPI32.dll
0x00007ff9bd670000 - 0x00007ff9bd70d000 	C:\WINDOWS\system32\msvcrt.dll
0x00007ff9bb960000 - 0x00007ff9bb9bb000 	C:\WINDOWS\system32\sechost.dll
0x00007ff9bd1d0000 - 0x00007ff9bd2ec000 	C:\WINDOWS\system32\RPCRT4.dll
0x00007ff9bb250000 - 0x00007ff9bb3a6000 	C:\WINDOWS\system32\USER32.dll
0x00007ff9bd4d0000 - 0x00007ff9bd656000 	C:\WINDOWS\system32\GDI32.dll
0x00007ff9b4c40000 - 0x00007ff9b4eb4000 	C:\WINDOWS\WinSxS\amd64_microsoft.windows.common-controls_6595b64144ccf1df_6.0.10586.589_none_a2ddb3caa539acce\COMCTL32.dll
0x00007ff9bb410000 - 0x00007ff9bb68d000 	C:\WINDOWS\system32\combase.dll
0x00007ff9ba820000 - 0x00007ff9ba88a000 	C:\WINDOWS\system32\bcryptPrimitives.dll
0x00007ff9bb160000 - 0x00007ff9bb19b000 	C:\WINDOWS\system32\IMM32.DLL
0x0000000069140000 - 0x0000000069212000 	C:\Program Files\Java\jdk1.7.0_79\jre\bin\msvcr100.dll
0x00000000685d0000 - 0x0000000068da5000 	C:\Program Files\Java\jdk1.7.0_79\jre\bin\server\jvm.dll
0x00007ff9bb690000 - 0x00007ff9bb698000 	C:\WINDOWS\system32\PSAPI.DLL
0x00007ff9b7da0000 - 0x00007ff9b7dc3000 	C:\WINDOWS\SYSTEM32\WINMM.dll
0x00007ff9b0d70000 - 0x00007ff9b0d79000 	C:\WINDOWS\SYSTEM32\WSOCK32.dll
0x00007ff9bacc0000 - 0x00007ff9bad2b000 	C:\WINDOWS\system32\WS2_32.dll
0x00007ff9b7d70000 - 0x00007ff9b7d9c000 	C:\WINDOWS\SYSTEM32\WINMMBASE.dll
0x00007ff9b9f90000 - 0x00007ff9b9fd3000 	C:\WINDOWS\system32\cfgmgr32.dll
0x0000000069820000 - 0x000000006982f000 	C:\Program Files\Java\jdk1.7.0_79\jre\bin\verify.dll
0x00000000685a0000 - 0x00000000685c8000 	C:\Program Files\Java\jdk1.7.0_79\jre\bin\java.dll
0x0000000068580000 - 0x0000000068595000 	C:\Program Files\Java\jdk1.7.0_79\jre\bin\zip.dll
0x0000000068560000 - 0x000000006857a000 	C:\Program Files\Java\jdk1.7.0_79\jre\bin\net.dll
0x00007ff9b9600000 - 0x00007ff9b965c000 	C:\WINDOWS\system32\mswsock.dll
0x0000000068540000 - 0x0000000068551000 	C:\Program Files\Java\jdk1.7.0_79\jre\bin\nio.dll

VM Arguments:
jvm_args: -Djava.awt.headless=true -Xmx1024M -Dfile.encoding=windows-1252 -Duser.country=GB -Duser.language=en -Duser.variant 
java_command: com.android.dx.command.Main --dex --num-threads=4 --output C:\Users\Thomas\AndroidStudioProjects\OpenCVTest\app\build\intermediates\pre-dexed\debug\OpenCVTest-openCVLibrary310-unspecified_a31941142add5acabf91c9524cc3a8991724da84.jar C:\Users\Thomas\AndroidStudioProjects\OpenCVTest\app\build\intermediates\exploded-aar\OpenCVTest\openCVLibrary310\unspecified\jars\classes.jar
Launcher Type: SUN_STANDARD

Environment Variables:
PATH=C:\Program Files (x86)\Intel\iCLS Client\;C:\Program Files\Intel\iCLS Client\;C:\Windows\system32;C:\Windows;C:\Windows\System32\Wbem;C:\Windows\System32\WindowsPowerShell\v1.0\;C:\Program Files (x86)\Intel\OpenCL SDK\2.0\bin\x86;C:\Program Files (x86)\Intel\OpenCL SDK\2.0\bin\x64;C:\Program Files\Intel\Intel(R) Management Engine Components\DAL;C:\Program Files\Intel\Intel(R) Management Engine Components\IPT;C:\Program Files (x86)\Intel\Intel(R) Management Engine Components\DAL;C:\Program Files (x86)\Intel\Intel(R) Management Engine Components\IPT;C:\Program Files (x86)\Windows Live\Shared;C:\Users\Thomas\AppData\Local\Smartbar\Application\;C:\WINDOWS\system32;C:\WINDOWS;C:\WINDOWS\System32\Wbem;C:\WINDOWS\System32\WindowsPowerShell\v1.0\;D:\Programs\bin;C:\Program Files\Microsoft SQL Server\110\Tools\Binn\;C:\Program Files\Microsoft SQL Server\120\Tools\Binn\;C:\WINDOWS\system32\config\systemprofile\.dnx\bin;C:\Program Files\Microsoft DNX\Dnvm\;C:\Program Files (x86)\Skype\Phone\;C:\Program Files\MiKTeX 2.9\miktex\bin\;C:\Program Files\MiKTeX 2.9\gs\gs8.71\bin\;C:\Program Files\Git\cmd;C:\Program Files
USERNAME=Thomas
OS=Windows_NT
PROCESSOR_IDENTIFIER=Intel64 Family 6 Model 42 Stepping 7, GenuineIntel



---------------  S Y S T E M  ---------------

OS: Windows 8.1 , 64 bit Build 9600 

CPU:total 4 (2 cores per cpu, 2 threads per core) family 6 model 42 stepping 7, cmov, cx8, fxsr, mmx, sse, sse2, sse3, ssse3, sse4.1, sse4.2, popcnt, avx, ht, tsc, tscinvbit

Memory: 4k page, physical 4075172k(358800k free), swap 6565540k(5452k free)

vm_info: Java HotSpot(TM) 64-Bit Server VM (24.79-b02) for windows-amd64 JRE (1.7.0_79-b15), built on Apr 10 2015 12:36:16 by "java_re" with unknown MS VC++:1600

time: Mon Oct 10 16:31:41 2016
elapsed time: 1 seconds

